<?xml version="1.0" encoding="UTF-8"?>
<!-- Generated by org.testng.reporters.JUnitReportReporter -->
<testsuite skipped="0" hostname="POZMW030363" name="cloudtesting.SaucelabTest" tests="1" failures="0" timestamp="13 lip 2017 09:20:04 GMT" time="11.222" errors="0">
  <testcase name="setup" time="11.222" classname="cloudtesting.SaucelabTest"/>
</testsuite> <!-- cloudtesting.SaucelabTest -->
