<?xml version="1.0" encoding="UTF-8"?>
<!-- Generated by org.testng.reporters.JUnitReportReporter -->
<testsuite skipped="0" hostname="POZMW030363" name="datadriven.Annotations" tests="5" failures="0" timestamp="17 sie 2017 13:08:06 GMT" time="0.028" errors="0">
  <testcase name="FlightBooking" time="0.014" classname="datadriven.Annotations"/>
  <testcase name="Userid" time="0.003" classname="datadriven.Annotations"/>
  <testcase name="OpeningBrowser" time="0.004" classname="datadriven.Annotations"/>
  <testcase name="Userid" time="0.004" classname="datadriven.Annotations"/>
  <testcase name="Userid" time="0.003" classname="datadriven.Annotations"/>
</testsuite> <!-- datadriven.Annotations -->
