<?xml version="1.0" encoding="UTF-8"?>
<!-- Generated by org.testng.reporters.JUnitReportReporter -->
<testsuite skipped="0" hostname="POZMW030363" name="testngFiles.Annotations" tests="2" failures="0" timestamp="17 sie 2017 11:45:34 GMT" time="0.017" errors="0">
  <testcase name="FlightBooking" time="0.012" classname="testngFiles.Annotations"/>
  <testcase name="OpeningBrowser" time="0.005" classname="testngFiles.Annotations"/>
</testsuite> <!-- testngFiles.Annotations -->
