<?xml version="1.0" encoding="UTF-8"?>
<!-- Generated by org.testng.reporters.JUnitReportReporter -->
<testsuite skipped="1" hostname="POZMW030363" name="packTwo.DependencyAnnot" tests="4" failures="0" timestamp="17 sie 2017 11:43:33 GMT" time="0.015" errors="0">
  <testcase name="FlightBooking" time="0.002" classname="packTwo.DependencyAnnot"/>
  <testcase name="TimeRelated" time="0.011" classname="packTwo.DependencyAnnot"/>
  <testcase name="OpeningBrowser" time="0.002" classname="packTwo.DependencyAnnot"/>
  <testcase name="Payment" classname="packTwo.DependencyAnnot">
    <skipped/>
  </testcase> <!-- Payment -->
</testsuite> <!-- packTwo.DependencyAnnot -->
