<?xml version="1.0" encoding="UTF-8"?>
<!-- Generated by org.testng.reporters.JUnitReportReporter -->
<testsuite skipped="1" hostname="POZMW030363" name="testngFiles.DependencyAnnot" tests="4" failures="0" timestamp="17 sie 2017 11:45:34 GMT" time="0.018" errors="0">
  <testcase name="TimeRelated" time="0.010" classname="testngFiles.DependencyAnnot"/>
  <testcase name="OpeningBrowser" time="0.004" classname="testngFiles.DependencyAnnot"/>
  <testcase name="FlightBooking" time="0.004" classname="testngFiles.DependencyAnnot"/>
  <testcase name="Payment" classname="testngFiles.DependencyAnnot">
    <skipped/>
  </testcase> <!-- Payment -->
</testsuite> <!-- testngFiles.DependencyAnnot -->
