<?xml version="1.0" encoding="UTF-8"?>
<!-- Generated by org.testng.reporters.JUnitReportReporter -->
<testsuite skipped="0" hostname="POZMW030363" name="packTwo.Annotations2" tests="1" failures="0" timestamp="17 sie 2017 13:29:16 GMT" time="0.002" errors="0">
  <testcase name="TestSoftware" time="0.002" classname="packTwo.Annotations2"/>
</testsuite> <!-- packTwo.Annotations2 -->
