<?xml version="1.0" encoding="UTF-8"?>
<!-- Generated by org.testng.reporters.JUnitReportReporter -->
<testsuite skipped="0" hostname="POZMW030363" name="packTwo.Annotations" tests="2" failures="0" timestamp="17 sie 2017 13:29:16 GMT" time="0.017" errors="0">
  <testcase name="OpeningBrowser" time="0.004" classname="packTwo.Annotations"/>
  <testcase name="FlightBooking" time="0.013" classname="packTwo.Annotations"/>
</testsuite> <!-- packTwo.Annotations -->
